<?xml version="1.0" encoding="UTF-8"?>
<coverage generated="1535300633968" clover="3.2.0">
  <project timestamp="1535300633968" name="All files">
    <metrics statements="41" coveredstatements="41" conditionals="16" coveredconditionals="16" methods="15" coveredmethods="15" elements="72" coveredelements="72" complexity="0" loc="41" ncloc="41" packages="6" files="6" classes="6">
      <package name="src">
        <metrics statements="1" coveredstatements="1" conditionals="0" coveredconditionals="0" methods="0" coveredmethods="0"/>
        <file name="setup.js" path="C:\Users\eemel\Repositories\records\src\setup.js">
          <metrics statements="1" coveredstatements="1" conditionals="0" coveredconditionals="0" methods="0" coveredmethods="0"/>
          <line num="4" count="4" type="stmt"/>
        </file>
      </package>
      <package name="src.components">
        <metrics statements="7" coveredstatements="7" conditionals="6" coveredconditionals="6" methods="1" coveredmethods="1"/>
        <file name="update-data.js" path="C:\Users\eemel\Repositories\records\src\components\update-data.js">
          <metrics statements="7" coveredstatements="7" conditionals="6" coveredconditionals="6" methods="1" coveredmethods="1"/>
          <line num="7" count="5" type="cond" truecount="2" falsecount="0"/>
          <line num="8" count="1" type="stmt"/>
          <line num="10" count="4" type="cond" truecount="2" falsecount="0"/>
          <line num="11" count="1" type="stmt"/>
          <line num="13" count="3" type="cond" truecount="2" falsecount="0"/>
          <line num="14" count="2" type="stmt"/>
          <line num="16" count="1" type="stmt"/>
        </file>
      </package>
      <package name="src.components.Albums">
        <metrics statements="11" coveredstatements="11" conditionals="10" coveredconditionals="10" methods="4" coveredmethods="4"/>
        <file name="Albums.jsx" path="C:\Users\eemel\Repositories\records\src\components\Albums\Albums.jsx">
          <metrics statements="11" coveredstatements="11" conditionals="10" coveredconditionals="10" methods="4" coveredmethods="4"/>
          <line num="5" count="2" type="stmt"/>
          <line num="17" count="2" type="stmt"/>
          <line num="30" count="2" type="stmt"/>
          <line num="35" count="1405" type="cond" truecount="2" falsecount="0"/>
          <line num="42" count="2" type="stmt"/>
          <line num="43" count="3" type="stmt"/>
          <line num="52" count="1407" type="cond" truecount="6" falsecount="0"/>
          <line num="56" count="1405" type="stmt"/>
          <line num="68" count="2" type="stmt"/>
          <line num="75" count="2" type="stmt"/>
          <line num="80" count="2" type="stmt"/>
        </file>
      </package>
      <package name="src.components.App">
        <metrics statements="7" coveredstatements="7" conditionals="0" coveredconditionals="0" methods="4" coveredmethods="4"/>
        <file name="App.jsx" path="C:\Users\eemel\Repositories\records\src\components\App\App.jsx">
          <metrics statements="7" coveredstatements="7" conditionals="0" coveredconditionals="0" methods="4" coveredmethods="4"/>
          <line num="12" count="1" type="stmt"/>
          <line num="19" count="1" type="stmt"/>
          <line num="40" count="1" type="stmt"/>
          <line num="44" count="1" type="stmt"/>
          <line num="45" count="1" type="stmt"/>
          <line num="49" count="5" type="stmt"/>
          <line num="50" count="5" type="stmt"/>
        </file>
      </package>
      <package name="src.components.Buttons">
        <metrics statements="9" coveredstatements="9" conditionals="0" coveredconditionals="0" methods="5" coveredmethods="5"/>
        <file name="Buttons.jsx" path="C:\Users\eemel\Repositories\records\src\components\Buttons\Buttons.jsx">
          <metrics statements="9" coveredstatements="9" conditionals="0" coveredconditionals="0" methods="5" coveredmethods="5"/>
          <line num="7" count="2" type="stmt"/>
          <line num="17" count="2" type="stmt"/>
          <line num="35" count="2" type="stmt"/>
          <line num="36" count="3" type="stmt"/>
          <line num="44" count="2" type="stmt"/>
          <line num="50" count="2" type="stmt"/>
          <line num="56" count="2" type="stmt"/>
          <line num="62" count="2" type="stmt"/>
          <line num="69" count="2" type="stmt"/>
        </file>
      </package>
      <package name="src.components.Input">
        <metrics statements="6" coveredstatements="6" conditionals="0" coveredconditionals="0" methods="1" coveredmethods="1"/>
        <file name="Input.jsx" path="C:\Users\eemel\Repositories\records\src\components\Input\Input.jsx">
          <metrics statements="6" coveredstatements="6" conditionals="0" coveredconditionals="0" methods="1" coveredmethods="1"/>
          <line num="5" count="2" type="stmt"/>
          <line num="13" count="2" type="stmt"/>
          <line num="21" count="2" type="stmt"/>
          <line num="22" count="3" type="stmt"/>
          <line num="34" count="2" type="stmt"/>
          <line num="40" count="2" type="stmt"/>
        </file>
      </package>
    </metrics>
  </project>
</coverage>
