{"/Users/marttee/Repositories/own-projects/records/src/setup.js": {"path":"/Users/marttee/Repositories/own-projects/records/src/setup.js","statementMap":{"0":{"start":{"line":4,"column":0},"end":{"line":4,"column":37}}},"fnMap":{},"branchMap":{},"s":{"0":4},"f":{},"b":{},"_coverageSchema":"332fd63041d2c1bcb487cc26dd0d5f7d97098a6c","hash":"05730667387f32692367c9160f57dda38d27a0a0"}
,"/Users/marttee/Repositories/own-projects/records/src/components/update-data.js": {"path":"/Users/marttee/Repositories/own-projects/records/src/components/update-data.js","statementMap":{"0":{"start":{"line":7,"column":2},"end":{"line":9,"column":3}},"1":{"start":{"line":8,"column":4},"end":{"line":8,"column":31}},"2":{"start":{"line":10,"column":2},"end":{"line":12,"column":3}},"3":{"start":{"line":11,"column":4},"end":{"line":11,"column":29}},"4":{"start":{"line":13,"column":2},"end":{"line":15,"column":3}},"5":{"start":{"line":14,"column":4},"end":{"line":14,"column":29}},"6":{"start":{"line":16,"column":2},"end":{"line":16,"column":25}}},"fnMap":{"0":{"name":"(anonymous_0)","decl":{"start":{"line":6,"column":15},"end":{"line":6,"column":16}},"loc":{"start":{"line":6,"column":26},"end":{"line":17,"column":1}},"line":6}},"branchMap":{"0":{"loc":{"start":{"line":7,"column":2},"end":{"line":9,"column":3}},"type":"if","locations":[{"start":{"line":7,"column":2},"end":{"line":9,"column":3}},{"start":{"line":7,"column":2},"end":{"line":9,"column":3}}],"line":7},"1":{"loc":{"start":{"line":10,"column":2},"end":{"line":12,"column":3}},"type":"if","locations":[{"start":{"line":10,"column":2},"end":{"line":12,"column":3}},{"start":{"line":10,"column":2},"end":{"line":12,"column":3}}],"line":10},"2":{"loc":{"start":{"line":13,"column":2},"end":{"line":15,"column":3}},"type":"if","locations":[{"start":{"line":13,"column":2},"end":{"line":15,"column":3}},{"start":{"line":13,"column":2},"end":{"line":15,"column":3}}],"line":13}},"s":{"0":5,"1":1,"2":4,"3":1,"4":3,"5":2,"6":1},"f":{"0":5},"b":{"0":[1,4],"1":[1,3],"2":[2,1]},"_coverageSchema":"332fd63041d2c1bcb487cc26dd0d5f7d97098a6c","hash":"5a9506c2e12bffc6122dcde0d44461cb5efda9a2"}
,"/Users/marttee/Repositories/own-projects/records/src/components/Albums/Albums.jsx": {"path":"/Users/marttee/Repositories/own-projects/records/src/components/Albums/Albums.jsx","statementMap":{"0":{"start":{"line":5,"column":18},"end":{"line":16,"column":1}},"1":{"start":{"line":18,"column":16},"end":{"line":21,"column":1}},"2":{"start":{"line":23,"column":14},"end":{"line":26,"column":1}},"3":{"start":{"line":25,"column":38},"end":{"line":25,"column":70}},"4":{"start":{"line":28,"column":20},"end":{"line":28,"column":33}},"5":{"start":{"line":29,"column":19},"end":{"line":29,"column":32}},"6":{"start":{"line":30,"column":18},"end":{"line":30,"column":31}},"7":{"start":{"line":32,"column":15},"end":{"line":74,"column":1}},"8":{"start":{"line":33,"column":2},"end":{"line":73,"column":14}},"9":{"start":{"line":41,"column":8},"end":{"line":69,"column":9}},"10":{"start":{"line":45,"column":10},"end":{"line":68,"column":11}},"11":{"start":{"line":70,"column":8},"end":{"line":70,"column":20}},"12":{"start":{"line":76,"column":0},"end":{"line":79,"column":1}},"13":{"start":{"line":81,"column":0},"end":{"line":83,"column":1}}},"fnMap":{"0":{"name":"(anonymous_0)","decl":{"start":{"line":25,"column":21},"end":{"line":25,"column":22}},"loc":{"start":{"line":25,"column":38},"end":{"line":25,"column":70}},"line":25},"1":{"name":"(anonymous_1)","decl":{"start":{"line":32,"column":15},"end":{"line":32,"column":16}},"loc":{"start":{"line":33,"column":2},"end":{"line":73,"column":14}},"line":33},"2":{"name":"(anonymous_2)","decl":{"start":{"line":38,"column":15},"end":{"line":38,"column":16}},"loc":{"start":{"line":40,"column":15},"end":{"line":71,"column":7}},"line":40},"3":{"name":"(anonymous_3)","decl":{"start":{"line":77,"column":26},"end":{"line":77,"column":27}},"loc":{"start":{"line":77,"column":32},"end":{"line":77,"column":34}},"line":77}},"branchMap":{"0":{"loc":{"start":{"line":25,"column":38},"end":{"line":25,"column":70}},"type":"cond-expr","locations":[{"start":{"line":25,"column":47},"end":{"line":25,"column":61}},{"start":{"line":25,"column":64},"end":{"line":25,"column":70}}],"line":25},"1":{"loc":{"start":{"line":41,"column":8},"end":{"line":69,"column":9}},"type":"if","locations":[{"start":{"line":41,"column":8},"end":{"line":69,"column":9}},{"start":{"line":41,"column":8},"end":{"line":69,"column":9}}],"line":41},"2":{"loc":{"start":{"line":41,"column":12},"end":{"line":43,"column":32}},"type":"binary-expr","locations":[{"start":{"line":41,"column":12},"end":{"line":41,"column":45}},{"start":{"line":42,"column":15},"end":{"line":42,"column":47}},{"start":{"line":43,"column":15},"end":{"line":43,"column":32}}],"line":41},"3":{"loc":{"start":{"line":60,"column":15},"end":{"line":66,"column":15}},"type":"binary-expr","locations":[{"start":{"line":60,"column":16},"end":{"line":60,"column":20}},{"start":{"line":60,"column":24},"end":{"line":60,"column":39}},{"start":{"line":61,"column":14},"end":{"line":65,"column":26}}],"line":60}},"s":{"0":2,"1":2,"2":2,"3":1405,"4":2,"5":2,"6":2,"7":2,"8":3,"9":1407,"10":1405,"11":2,"12":2,"13":2},"f":{"0":1405,"1":3,"2":1407,"3":5735},"b":{"0":[1,1404],"1":[1405,2],"2":[1407,2,2],"3":[1405,1405,1405]},"_coverageSchema":"332fd63041d2c1bcb487cc26dd0d5f7d97098a6c","hash":"e6166322537c6a64a902ed1522736c9ab6106c27"}
,"/Users/marttee/Repositories/own-projects/records/src/components/App/App.jsx": {"path":"/Users/marttee/Repositories/own-projects/records/src/components/App/App.jsx","statementMap":{"0":{"start":{"line":12,"column":18},"end":{"line":16,"column":1}},"1":{"start":{"line":18,"column":15},"end":{"line":26,"column":1}},"2":{"start":{"line":38,"column":4},"end":{"line":38,"column":36}},"3":{"start":{"line":42,"column":22},"end":{"line":42,"column":34}},"4":{"start":{"line":43,"column":4},"end":{"line":43,"column":59}},"5":{"start":{"line":43,"column":27},"end":{"line":43,"column":58}},"6":{"start":{"line":47,"column":28},"end":{"line":47,"column":38}},"7":{"start":{"line":48,"column":4},"end":{"line":63,"column":5}}},"fnMap":{"0":{"name":"(anonymous_0)","decl":{"start":{"line":37,"column":2},"end":{"line":37,"column":3}},"loc":{"start":{"line":37,"column":20},"end":{"line":39,"column":3}},"line":37},"1":{"name":"(anonymous_1)","decl":{"start":{"line":41,"column":2},"end":{"line":41,"column":3}},"loc":{"start":{"line":41,"column":23},"end":{"line":44,"column":3}},"line":41},"2":{"name":"(anonymous_2)","decl":{"start":{"line":43,"column":18},"end":{"line":43,"column":19}},"loc":{"start":{"line":43,"column":27},"end":{"line":43,"column":58}},"line":43},"3":{"name":"(anonymous_3)","decl":{"start":{"line":46,"column":2},"end":{"line":46,"column":3}},"loc":{"start":{"line":46,"column":11},"end":{"line":64,"column":3}},"line":46}},"branchMap":{},"s":{"0":1,"1":1,"2":1,"3":1,"4":1,"5":1,"6":5,"7":5},"f":{"0":1,"1":1,"2":1,"3":5},"b":{},"_coverageSchema":"332fd63041d2c1bcb487cc26dd0d5f7d97098a6c","hash":"d1058652789ea611146d45a5be318dddd9111849"}
,"/Users/marttee/Repositories/own-projects/records/src/components/Buttons/Buttons.jsx": {"path":"/Users/marttee/Repositories/own-projects/records/src/components/Buttons/Buttons.jsx","statementMap":{"0":{"start":{"line":7,"column":16},"end":{"line":15,"column":1}},"1":{"start":{"line":17,"column":15},"end":{"line":31,"column":1}},"2":{"start":{"line":33,"column":16},"end":{"line":65,"column":1}},"3":{"start":{"line":34,"column":2},"end":{"line":64,"column":12}},"4":{"start":{"line":42,"column":21},"end":{"line":42,"column":45}},"5":{"start":{"line":48,"column":21},"end":{"line":48,"column":43}},"6":{"start":{"line":54,"column":21},"end":{"line":54,"column":43}},"7":{"start":{"line":60,"column":21},"end":{"line":60,"column":41}},"8":{"start":{"line":67,"column":0},"end":{"line":71,"column":1}}},"fnMap":{"0":{"name":"(anonymous_0)","decl":{"start":{"line":33,"column":16},"end":{"line":33,"column":17}},"loc":{"start":{"line":34,"column":2},"end":{"line":64,"column":12}},"line":34},"1":{"name":"(anonymous_1)","decl":{"start":{"line":42,"column":15},"end":{"line":42,"column":16}},"loc":{"start":{"line":42,"column":21},"end":{"line":42,"column":45}},"line":42},"2":{"name":"(anonymous_2)","decl":{"start":{"line":48,"column":15},"end":{"line":48,"column":16}},"loc":{"start":{"line":48,"column":21},"end":{"line":48,"column":43}},"line":48},"3":{"name":"(anonymous_3)","decl":{"start":{"line":54,"column":15},"end":{"line":54,"column":16}},"loc":{"start":{"line":54,"column":21},"end":{"line":54,"column":43}},"line":54},"4":{"name":"(anonymous_4)","decl":{"start":{"line":60,"column":15},"end":{"line":60,"column":16}},"loc":{"start":{"line":60,"column":21},"end":{"line":60,"column":41}},"line":60}},"branchMap":{},"s":{"0":2,"1":2,"2":2,"3":3,"4":2,"5":2,"6":2,"7":2,"8":2},"f":{"0":3,"1":2,"2":2,"3":2,"4":2},"b":{},"_coverageSchema":"332fd63041d2c1bcb487cc26dd0d5f7d97098a6c","hash":"babe0bdd9de0ef3d638c7f2b8e769457eff40056"}
,"/Users/marttee/Repositories/own-projects/records/src/components/Input/Input.jsx": {"path":"/Users/marttee/Repositories/own-projects/records/src/components/Input/Input.jsx","statementMap":{"0":{"start":{"line":5,"column":18},"end":{"line":11,"column":1}},"1":{"start":{"line":13,"column":14},"end":{"line":19,"column":1}},"2":{"start":{"line":21,"column":20},"end":{"line":31,"column":1}},"3":{"start":{"line":22,"column":2},"end":{"line":30,"column":14}},"4":{"start":{"line":33,"column":0},"end":{"line":37,"column":1}},"5":{"start":{"line":39,"column":0},"end":{"line":41,"column":1}}},"fnMap":{"0":{"name":"(anonymous_0)","decl":{"start":{"line":21,"column":20},"end":{"line":21,"column":21}},"loc":{"start":{"line":22,"column":2},"end":{"line":30,"column":14}},"line":22}},"branchMap":{},"s":{"0":2,"1":2,"2":2,"3":3,"4":2,"5":2},"f":{"0":3},"b":{},"_coverageSchema":"332fd63041d2c1bcb487cc26dd0d5f7d97098a6c","hash":"ca67ec0add3d7b13141aa0cc63dcfe9188d22e83"}
}
