{"/Users/marttee/Repositories/own-projects/records/src/setup.js": {"path":"/Users/marttee/Repositories/own-projects/records/src/setup.js","statementMap":{"0":{"start":{"line":4,"column":0},"end":{"line":4,"column":37}}},"fnMap":{},"branchMap":{},"s":{"0":4},"f":{},"b":{},"_coverageSchema":"332fd63041d2c1bcb487cc26dd0d5f7d97098a6c","hash":"05730667387f32692367c9160f57dda38d27a0a0"}
,"/Users/marttee/Repositories/own-projects/records/src/components/update-data.js": {"path":"/Users/marttee/Repositories/own-projects/records/src/components/update-data.js","statementMap":{"0":{"start":{"line":7,"column":2},"end":{"line":9,"column":3}},"1":{"start":{"line":8,"column":4},"end":{"line":8,"column":31}},"2":{"start":{"line":10,"column":2},"end":{"line":12,"column":3}},"3":{"start":{"line":11,"column":4},"end":{"line":11,"column":29}},"4":{"start":{"line":13,"column":2},"end":{"line":15,"column":3}},"5":{"start":{"line":14,"column":4},"end":{"line":14,"column":29}},"6":{"start":{"line":16,"column":2},"end":{"line":16,"column":25}}},"fnMap":{"0":{"name":"(anonymous_0)","decl":{"start":{"line":6,"column":15},"end":{"line":6,"column":16}},"loc":{"start":{"line":6,"column":26},"end":{"line":17,"column":1}},"line":6}},"branchMap":{"0":{"loc":{"start":{"line":7,"column":2},"end":{"line":9,"column":3}},"type":"if","locations":[{"start":{"line":7,"column":2},"end":{"line":9,"column":3}},{"start":{"line":7,"column":2},"end":{"line":9,"column":3}}],"line":7},"1":{"loc":{"start":{"line":10,"column":2},"end":{"line":12,"column":3}},"type":"if","locations":[{"start":{"line":10,"column":2},"end":{"line":12,"column":3}},{"start":{"line":10,"column":2},"end":{"line":12,"column":3}}],"line":10},"2":{"loc":{"start":{"line":13,"column":2},"end":{"line":15,"column":3}},"type":"if","locations":[{"start":{"line":13,"column":2},"end":{"line":15,"column":3}},{"start":{"line":13,"column":2},"end":{"line":15,"column":3}}],"line":13}},"s":{"0":5,"1":1,"2":4,"3":1,"4":3,"5":2,"6":1},"f":{"0":5},"b":{"0":[1,4],"1":[1,3],"2":[2,1]},"_coverageSchema":"332fd63041d2c1bcb487cc26dd0d5f7d97098a6c","hash":"5a9506c2e12bffc6122dcde0d44461cb5efda9a2"}
,"/Users/marttee/Repositories/own-projects/records/src/components/Albums/Albums.jsx": {"path":"/Users/marttee/Repositories/own-projects/records/src/components/Albums/Albums.jsx","statementMap":{"0":{"start":{"line":5,"column":18},"end":{"line":14,"column":1}},"1":{"start":{"line":16,"column":16},"end":{"line":21,"column":1}},"2":{"start":{"line":23,"column":14},"end":{"line":32,"column":1}},"3":{"start":{"line":28,"column":38},"end":{"line":28,"column":70}},"4":{"start":{"line":34,"column":20},"end":{"line":34,"column":33}},"5":{"start":{"line":35,"column":19},"end":{"line":35,"column":32}},"6":{"start":{"line":36,"column":18},"end":{"line":36,"column":31}},"7":{"start":{"line":38,"column":15},"end":{"line":78,"column":1}},"8":{"start":{"line":39,"column":2},"end":{"line":77,"column":14}},"9":{"start":{"line":47,"column":8},"end":{"line":73,"column":9}},"10":{"start":{"line":51,"column":10},"end":{"line":72,"column":11}},"11":{"start":{"line":74,"column":8},"end":{"line":74,"column":20}},"12":{"start":{"line":80,"column":0},"end":{"line":83,"column":1}},"13":{"start":{"line":85,"column":0},"end":{"line":87,"column":1}}},"fnMap":{"0":{"name":"(anonymous_0)","decl":{"start":{"line":28,"column":21},"end":{"line":28,"column":22}},"loc":{"start":{"line":28,"column":38},"end":{"line":28,"column":70}},"line":28},"1":{"name":"(anonymous_1)","decl":{"start":{"line":38,"column":15},"end":{"line":38,"column":16}},"loc":{"start":{"line":39,"column":2},"end":{"line":77,"column":14}},"line":39},"2":{"name":"(anonymous_2)","decl":{"start":{"line":44,"column":15},"end":{"line":44,"column":16}},"loc":{"start":{"line":46,"column":15},"end":{"line":75,"column":7}},"line":46},"3":{"name":"(anonymous_3)","decl":{"start":{"line":81,"column":26},"end":{"line":81,"column":27}},"loc":{"start":{"line":81,"column":32},"end":{"line":81,"column":34}},"line":81}},"branchMap":{"0":{"loc":{"start":{"line":28,"column":38},"end":{"line":28,"column":70}},"type":"cond-expr","locations":[{"start":{"line":28,"column":47},"end":{"line":28,"column":61}},{"start":{"line":28,"column":64},"end":{"line":28,"column":70}}],"line":28},"1":{"loc":{"start":{"line":47,"column":8},"end":{"line":73,"column":9}},"type":"if","locations":[{"start":{"line":47,"column":8},"end":{"line":73,"column":9}},{"start":{"line":47,"column":8},"end":{"line":73,"column":9}}],"line":47},"2":{"loc":{"start":{"line":47,"column":12},"end":{"line":49,"column":46}},"type":"binary-expr","locations":[{"start":{"line":47,"column":12},"end":{"line":47,"column":59}},{"start":{"line":48,"column":15},"end":{"line":48,"column":61}},{"start":{"line":49,"column":15},"end":{"line":49,"column":46}}],"line":47},"3":{"loc":{"start":{"line":64,"column":15},"end":{"line":70,"column":15}},"type":"binary-expr","locations":[{"start":{"line":64,"column":16},"end":{"line":64,"column":20}},{"start":{"line":64,"column":24},"end":{"line":64,"column":39}},{"start":{"line":65,"column":14},"end":{"line":69,"column":26}}],"line":64}},"s":{"0":2,"1":2,"2":2,"3":1405,"4":2,"5":2,"6":2,"7":2,"8":3,"9":1407,"10":1405,"11":2,"12":2,"13":2},"f":{"0":1405,"1":3,"2":1407,"3":5735},"b":{"0":[1,1404],"1":[1405,2],"2":[1407,2,2],"3":[1405,1405,1405]},"_coverageSchema":"332fd63041d2c1bcb487cc26dd0d5f7d97098a6c","hash":"9f3f0db71babd6a9f3e098f09dcc1c91c79ce2fd"}
,"/Users/marttee/Repositories/own-projects/records/src/components/App/App.jsx": {"path":"/Users/marttee/Repositories/own-projects/records/src/components/App/App.jsx","statementMap":{"0":{"start":{"line":12,"column":18},"end":{"line":17,"column":1}},"1":{"start":{"line":19,"column":15},"end":{"line":28,"column":1}},"2":{"start":{"line":40,"column":4},"end":{"line":40,"column":36}},"3":{"start":{"line":44,"column":22},"end":{"line":44,"column":34}},"4":{"start":{"line":45,"column":4},"end":{"line":45,"column":59}},"5":{"start":{"line":45,"column":27},"end":{"line":45,"column":58}},"6":{"start":{"line":49,"column":28},"end":{"line":49,"column":38}},"7":{"start":{"line":50,"column":4},"end":{"line":65,"column":5}}},"fnMap":{"0":{"name":"(anonymous_0)","decl":{"start":{"line":39,"column":2},"end":{"line":39,"column":3}},"loc":{"start":{"line":39,"column":20},"end":{"line":41,"column":3}},"line":39},"1":{"name":"(anonymous_1)","decl":{"start":{"line":43,"column":2},"end":{"line":43,"column":3}},"loc":{"start":{"line":43,"column":23},"end":{"line":46,"column":3}},"line":43},"2":{"name":"(anonymous_2)","decl":{"start":{"line":45,"column":18},"end":{"line":45,"column":19}},"loc":{"start":{"line":45,"column":27},"end":{"line":45,"column":58}},"line":45},"3":{"name":"(anonymous_3)","decl":{"start":{"line":48,"column":2},"end":{"line":48,"column":3}},"loc":{"start":{"line":48,"column":11},"end":{"line":66,"column":3}},"line":48}},"branchMap":{},"s":{"0":1,"1":1,"2":1,"3":1,"4":1,"5":1,"6":5,"7":5},"f":{"0":1,"1":1,"2":1,"3":5},"b":{},"_coverageSchema":"332fd63041d2c1bcb487cc26dd0d5f7d97098a6c","hash":"b9da6cb68711ff8cde0f45a4223cea9eb0449d81"}
,"/Users/marttee/Repositories/own-projects/records/src/components/Buttons/Buttons.jsx": {"path":"/Users/marttee/Repositories/own-projects/records/src/components/Buttons/Buttons.jsx","statementMap":{"0":{"start":{"line":7,"column":16},"end":{"line":15,"column":1}},"1":{"start":{"line":17,"column":15},"end":{"line":32,"column":1}},"2":{"start":{"line":34,"column":16},"end":{"line":66,"column":1}},"3":{"start":{"line":35,"column":2},"end":{"line":65,"column":12}},"4":{"start":{"line":43,"column":21},"end":{"line":43,"column":45}},"5":{"start":{"line":49,"column":21},"end":{"line":49,"column":43}},"6":{"start":{"line":55,"column":21},"end":{"line":55,"column":43}},"7":{"start":{"line":61,"column":21},"end":{"line":61,"column":41}},"8":{"start":{"line":68,"column":0},"end":{"line":72,"column":1}}},"fnMap":{"0":{"name":"(anonymous_0)","decl":{"start":{"line":34,"column":16},"end":{"line":34,"column":17}},"loc":{"start":{"line":35,"column":2},"end":{"line":65,"column":12}},"line":35},"1":{"name":"(anonymous_1)","decl":{"start":{"line":43,"column":15},"end":{"line":43,"column":16}},"loc":{"start":{"line":43,"column":21},"end":{"line":43,"column":45}},"line":43},"2":{"name":"(anonymous_2)","decl":{"start":{"line":49,"column":15},"end":{"line":49,"column":16}},"loc":{"start":{"line":49,"column":21},"end":{"line":49,"column":43}},"line":49},"3":{"name":"(anonymous_3)","decl":{"start":{"line":55,"column":15},"end":{"line":55,"column":16}},"loc":{"start":{"line":55,"column":21},"end":{"line":55,"column":43}},"line":55},"4":{"name":"(anonymous_4)","decl":{"start":{"line":61,"column":15},"end":{"line":61,"column":16}},"loc":{"start":{"line":61,"column":21},"end":{"line":61,"column":41}},"line":61}},"branchMap":{},"s":{"0":2,"1":2,"2":2,"3":3,"4":2,"5":2,"6":2,"7":2,"8":2},"f":{"0":3,"1":2,"2":2,"3":2,"4":2},"b":{},"_coverageSchema":"332fd63041d2c1bcb487cc26dd0d5f7d97098a6c","hash":"0dde8dbe998e18584c24f16da955b8f068865c03"}
,"/Users/marttee/Repositories/own-projects/records/src/components/Input/Input.jsx": {"path":"/Users/marttee/Repositories/own-projects/records/src/components/Input/Input.jsx","statementMap":{"0":{"start":{"line":5,"column":18},"end":{"line":11,"column":1}},"1":{"start":{"line":13,"column":14},"end":{"line":19,"column":1}},"2":{"start":{"line":21,"column":20},"end":{"line":31,"column":1}},"3":{"start":{"line":22,"column":2},"end":{"line":30,"column":14}},"4":{"start":{"line":33,"column":0},"end":{"line":37,"column":1}},"5":{"start":{"line":39,"column":0},"end":{"line":41,"column":1}}},"fnMap":{"0":{"name":"(anonymous_0)","decl":{"start":{"line":21,"column":20},"end":{"line":21,"column":21}},"loc":{"start":{"line":22,"column":2},"end":{"line":30,"column":14}},"line":22}},"branchMap":{},"s":{"0":2,"1":2,"2":2,"3":3,"4":2,"5":2},"f":{"0":3},"b":{},"_coverageSchema":"332fd63041d2c1bcb487cc26dd0d5f7d97098a6c","hash":"ca67ec0add3d7b13141aa0cc63dcfe9188d22e83"}
}
