TN:
SF:C:\Users\eemel\Repositories\records\src\setup.js
FNF:0
FNH:0
DA:4,4
LF:1
LH:1
BRF:0
BRH:0
end_of_record
TN:
SF:C:\Users\eemel\Repositories\records\src\components\update-data.js
FN:6,(anonymous_0)
FNF:1
FNH:1
FNDA:5,(anonymous_0)
DA:7,5
DA:8,1
DA:10,4
DA:11,1
DA:13,3
DA:14,2
DA:16,1
LF:7
LH:7
BRDA:7,0,0,1
BRDA:7,0,1,4
BRDA:10,1,0,1
BRDA:10,1,1,3
BRDA:13,2,0,2
BRDA:13,2,1,1
BRF:6
BRH:6
end_of_record
TN:
SF:C:\Users\eemel\Repositories\records\src\components\Albums\Albums.jsx
FN:33,(anonymous_0)
FN:39,(anonymous_1)
FN:46,(anonymous_2)
FN:73,(anonymous_3)
FNF:4
FNH:4
FNDA:1405,(anonymous_0)
FNDA:3,(anonymous_1)
FNDA:1407,(anonymous_2)
FNDA:5735,(anonymous_3)
DA:5,2
DA:16,2
DA:28,2
DA:33,1405
DA:39,2
DA:40,3
DA:49,1407
DA:53,1405
DA:65,2
DA:72,2
DA:77,2
LF:11
LH:11
BRDA:33,0,0,1
BRDA:33,0,1,1404
BRDA:49,1,0,1405
BRDA:49,1,1,2
BRDA:49,2,0,1407
BRDA:49,2,1,2
BRDA:49,2,2,2
BRDA:49,2,3,1
BRDA:56,3,0,1404
BRDA:56,3,1,1
BRF:10
BRH:10
end_of_record
TN:
SF:C:\Users\eemel\Repositories\records\src\components\App\App.jsx
FN:39,(anonymous_0)
FN:43,(anonymous_1)
FN:45,(anonymous_2)
FN:48,(anonymous_3)
FNF:4
FNH:4
FNDA:1,(anonymous_0)
FNDA:1,(anonymous_1)
FNDA:1,(anonymous_2)
FNDA:5,(anonymous_3)
DA:12,1
DA:19,1
DA:40,1
DA:44,1
DA:45,1
DA:49,5
DA:50,5
LF:7
LH:7
BRF:0
BRH:0
end_of_record
TN:
SF:C:\Users\eemel\Repositories\records\src\components\Buttons\Buttons.jsx
FN:34,(anonymous_0)
FN:43,(anonymous_1)
FN:49,(anonymous_2)
FN:55,(anonymous_3)
FN:61,(anonymous_4)
FNF:5
FNH:5
FNDA:3,(anonymous_0)
FNDA:2,(anonymous_1)
FNDA:2,(anonymous_2)
FNDA:2,(anonymous_3)
FNDA:2,(anonymous_4)
DA:7,2
DA:17,2
DA:34,2
DA:35,3
DA:43,2
DA:49,2
DA:55,2
DA:61,2
DA:68,2
LF:9
LH:9
BRF:0
BRH:0
end_of_record
TN:
SF:C:\Users\eemel\Repositories\records\src\components\Input\Input.jsx
FN:21,(anonymous_0)
FNF:1
FNH:1
FNDA:3,(anonymous_0)
DA:5,2
DA:13,2
DA:21,2
DA:22,3
DA:33,2
DA:39,2
LF:6
LH:6
BRF:0
BRH:0
end_of_record
