TN:
SF:src/components/Button/index.tsx
FN:8,(anonymous_1)
FNF:1
FNH:1
FNDA:1,(anonymous_1)
DA:1,1
DA:8,1
DA:12,1
LF:3
LH:3
BRDA:8,0,0,0
BRDA:8,0,1,1
BRF:2
BRH:1
end_of_record
TN:
SF:src/components/Login/index.tsx
FN:9,(anonymous_20)
FN:13,(anonymous_21)
FN:13,(anonymous_22)
FN:24,(anonymous_24)
FN:27,(anonymous_25)
FNF:5
FNH:1
FNDA:1,(anonymous_20)
FNDA:0,(anonymous_21)
FNDA:0,(anonymous_22)
FNDA:0,(anonymous_24)
FNDA:0,(anonymous_25)
DA:1,1
DA:5,1
DA:9,1
DA:10,1
DA:11,1
DA:13,1
DA:14,0
DA:15,0
DA:16,0
DA:19,1
DA:24,0
DA:27,0
DA:35,1
LF:13
LH:8
BRDA:29,0,0,1
BRDA:29,0,1,1
BRF:2
BRH:2
end_of_record
TN:
SF:src/components/NewRecord/index.tsx
FN:5,(anonymous_19)
FN:11,(anonymous_20)
FN:11,(anonymous_21)
FN:32,(anonymous_23)
FN:39,(anonymous_24)
FN:46,(anonymous_25)
FN:53,(anonymous_26)
FNF:7
FNH:1
FNDA:1,(anonymous_19)
FNDA:0,(anonymous_20)
FNDA:0,(anonymous_21)
FNDA:0,(anonymous_23)
FNDA:0,(anonymous_24)
FNDA:0,(anonymous_25)
FNDA:0,(anonymous_26)
DA:1,1
DA:5,1
DA:6,1
DA:7,1
DA:8,1
DA:9,1
DA:11,1
DA:12,0
DA:14,0
DA:16,0
DA:18,0
DA:19,0
DA:20,0
DA:21,0
DA:24,1
DA:32,0
DA:39,0
DA:46,0
DA:53,0
DA:62,1
LF:20
LH:9
BRF:0
BRH:0
end_of_record
TN:
SF:src/components/Record/index.tsx
FN:10,(anonymous_1)
FNF:1
FNH:1
FNDA:1,(anonymous_1)
DA:1,1
DA:10,1
DA:11,4
DA:12,1
DA:23,1
LF:5
LH:5
BRDA:17,0,0,1
BRDA:17,0,1,1
BRF:2
BRH:2
end_of_record
